#
# A fatal error has been detected by the Java Runtime Environment:
#
#  EXCEPTION_ACCESS_VIOLATION (0xc0000005) at pc=0x0000000062117eb5, pid=10604, tid=0x0000000000002750
#
# JRE version: Java(TM) SE Runtime Environment (8.0_202-b08) (build 1.8.0_202-b08)
# Java VM: Java HotSpot(TM) 64-Bit Server VM (25.202-b08 mixed mode windows-amd64 compressed oops)
# Problematic frame:
# V  [jvm.dll+0x1d7eb5]
#
# Failed to write core dump. Minidumps are not enabled by default on client versions of Windows
#
# If you would like to submit a bug report, please visit:
#   http://bugreport.java.com/bugreport/crash.jsp
#

---------------  T H R E A D  ---------------

Current thread (0x000000001c3ea000):  VMThread [stack: 0x000000001e0b0000,0x000000001e1b0000] [id=10064]

siginfo: ExceptionCode=0xc0000005, reading address 0xffffffffffffffff

Registers:
RAX=0x0164640909090909, RBX=0x00000006c4080aa8, RCX=0x00000007c09ef028, RDX=0x0000000000000202
RSP=0x000000001e1af7c0, RBP=0x0000000000000000, RSI=0x000000001e1af908, RDI=0x00000000316acce0
R8 =0x000000001e1af908, R9 =0x000000001c3e7bb0, R10=0x00000000316b22f0, R11=0x000000001e1af778
R12=0x0000000000000000, R13=0x00000007c09ef028, R14=0x000000002dced060, R15=0x0000000027499ff8
RIP=0x0000000062117eb5, EFLAGS=0x0000000000010246

Top of Stack: (sp=0x000000001e1af7c0)
0x000000001e1af7c0:   000000001c3ea688 00000000000000d8
0x000000001e1af7d0:   000000001e1af888 000000006204cd97
0x000000001e1af7e0:   000000001eeef620 000000001c3ea000
0x000000001e1af7f0:   0000000027499ff8 0000000027499ff8
0x000000001e1af800:   00000007c09fe7d0 0000000000000000
0x000000001e1af810:   0000000000000000 000000001eeef620
0x000000001e1af820:   000000001c3ea000 0000000000000000
0x000000001e1af830:   00000007c09ef028 0000000062109146
0x000000001e1af840:   0000000000000000 00000007c09ef028
0x000000001e1af850:   000000001e1af908 00000007c09fe7d0
0x000000001e1af860:   000000002b738eb0 000000006215eb32
0x000000001e1af870:   0000000062550b38 0000000061fb3300
0x000000001e1af880:   000000001c3ea000 000000001c3ea000
0x000000001e1af890:   000000001c3e9980 000000001c3ea5a0
0x000000001e1af8a0:   000000001c3ea5b0 000000001c3ea688
0x000000001e1af8b0:   00000000000000d8 000000001e1af938 

Instructions: (pc=0x0000000062117eb5)
0x0000000062117e95:   ca c1 e9 10 f6 c1 01 0f 84 e1 01 00 00 c1 ea 0f
0x0000000062117ea5:   f6 c2 01 0f 85 d5 01 00 00 48 8b 40 08 49 8b cd
0x0000000062117eb5:   0f b7 50 2e e8 f2 12 f3 ff 48 8b cb 48 8b d0 4c
0x0000000062117ec5:   8b f8 48 89 84 24 98 00 00 00 e8 ac 8a e9 ff 4c 


Register to memory mapping:

RAX=0x0164640909090909 is an unknown value
RBX=0x00000006c4080aa8 is an oop
java.lang.invoke.MemberName 
 - klass: 'java/lang/invoke/MemberName'
RCX=0x00000007c09ef028 is pointing into metadata
RDX=0x0000000000000202 is an unknown value
RSP=0x000000001e1af7c0 is an unknown value
RBP=0x0000000000000000 is an unknown value
RSI=0x000000001e1af908 is an unknown value
RDI=0x00000000316acce0 is pointing into metadata
R8 =0x000000001e1af908 is an unknown value
R9 =0x000000001c3e7bb0 is an unknown value
R10=0x00000000316b22f0 is pointing into metadata
R11=0x000000001e1af778 is an unknown value
R12=0x0000000000000000 is an unknown value
R13=0x00000007c09ef028 is pointing into metadata
R14=0x000000002dced060 is an unknown value
R15=0x0000000027499ff8 is an unknown value


Stack: [0x000000001e0b0000,0x000000001e1b0000],  sp=0x000000001e1af7c0,  free space=1021k
Native frames: (J=compiled Java code, j=interpreted, Vv=VM code, C=native code)

VM_Operation (0x000000001eeef620): RedefineClasses, mode: safepoint, requested by thread 0x000000001e1f1000, redefining class com.springbootcrud.business.impl.DoctorsBusinessImpl



---------------  P R O C E S S  ---------------

Java Threads: ( => current thread )
  0x000000002d4e0000 JavaThread "http-nio-8080-Acceptor" daemon [_thread_in_native, id=33552, stack(0x0000000032a70000,0x0000000032b70000)]
  0x000000002d4e1800 JavaThread "http-nio-8080-Poller" daemon [_thread_blocked, id=34300, stack(0x0000000032970000,0x0000000032a70000)]
  0x000000002d4dc800 JavaThread "http-nio-8080-exec-10" daemon [_thread_blocked, id=33208, stack(0x0000000032870000,0x0000000032970000)]
  0x000000002d4e2800 JavaThread "http-nio-8080-exec-9" daemon [_thread_blocked, id=6040, stack(0x0000000032770000,0x0000000032870000)]
  0x00000000262fa800 JavaThread "http-nio-8080-exec-8" daemon [_thread_blocked, id=10592, stack(0x0000000032670000,0x0000000032770000)]
  0x00000000262f9800 JavaThread "http-nio-8080-exec-7" daemon [_thread_blocked, id=13888, stack(0x0000000032570000,0x0000000032670000)]
  0x00000000262f9000 JavaThread "http-nio-8080-exec-6" daemon [_thread_blocked, id=11580, stack(0x0000000032470000,0x0000000032570000)]
  0x00000000262f0800 JavaThread "http-nio-8080-exec-5" daemon [_thread_blocked, id=22072, stack(0x0000000032370000,0x0000000032470000)]
  0x00000000262f7800 JavaThread "http-nio-8080-exec-4" daemon [_thread_blocked, id=8032, stack(0x0000000032270000,0x0000000032370000)]
  0x00000000262ef800 JavaThread "http-nio-8080-exec-3" daemon [_thread_blocked, id=27616, stack(0x0000000032170000,0x0000000032270000)]
  0x00000000262f5800 JavaThread "http-nio-8080-exec-2" daemon [_thread_blocked, id=24772, stack(0x0000000031b80000,0x0000000031c80000)]
  0x00000000262f6800 JavaThread "http-nio-8080-exec-1" daemon [_thread_blocked, id=9648, stack(0x0000000031a80000,0x0000000031b80000)]
  0x00000000262f4000 JavaThread "File Watcher" daemon [_thread_blocked, id=21964, stack(0x0000000031980000,0x0000000031a80000)]
  0x00000000262f3800 JavaThread "container-0" [_thread_blocked, id=17856, stack(0x0000000031880000,0x0000000031980000)]
  0x00000000262ec000 JavaThread "Catalina-utility-2" [_thread_blocked, id=14612, stack(0x0000000030a30000,0x0000000030b30000)]
  0x00000000262ee000 JavaThread "Catalina-utility-1" [_thread_blocked, id=26312, stack(0x0000000030930000,0x0000000030a30000)]
  0x00000000262ec800 JavaThread "HikariPool-10 housekeeper" daemon [_thread_blocked, id=16300, stack(0x000000002e1f0000,0x000000002e2f0000)]
  0x00000000262f8000 JavaThread "DestroyJavaVM" [_thread_blocked, id=22952, stack(0x0000000002660000,0x0000000002760000)]
  0x00000000262f2000 JavaThread "Live Reload Server" daemon [_thread_in_native, id=4920, stack(0x0000000026780000,0x0000000026880000)]
  0x000000002ba42800 JavaThread "mysql-cj-abandoned-connection-cleanup" daemon [_thread_blocked, id=15472, stack(0x0000000021800000,0x0000000021900000)]
  0x000000001f192000 JavaThread "Service Thread" daemon [_thread_blocked, id=9228, stack(0x000000001fcf0000,0x000000001fdf0000)]
  0x000000001f181800 JavaThread "C1 CompilerThread3" daemon [_thread_blocked, id=31568, stack(0x000000001fbf0000,0x000000001fcf0000)]
  0x000000001f198000 JavaThread "C2 CompilerThread2" daemon [_thread_blocked, id=788, stack(0x000000001faf0000,0x000000001fbf0000)]
  0x000000001f197800 JavaThread "C2 CompilerThread1" daemon [_thread_blocked, id=27248, stack(0x000000001f9f0000,0x000000001faf0000)]
  0x000000001f196800 JavaThread "C2 CompilerThread0" daemon [_thread_blocked, id=32028, stack(0x000000001f8f0000,0x000000001f9f0000)]
  0x000000001e1fe800 JavaThread "JDWP Command Reader" daemon [_thread_in_native, id=19652, stack(0x000000001eff0000,0x000000001f0f0000)]
  0x000000001e1fd800 JavaThread "JDWP Event Helper Thread" daemon [_thread_blocked, id=19192, stack(0x000000001eef0000,0x000000001eff0000)]
  0x000000001e1f1000 JavaThread "JDWP Transport Listener: dt_socket" daemon [_thread_blocked, id=6404, stack(0x000000001edf0000,0x000000001eef0000)]
  0x000000001e1e7000 JavaThread "Attach Listener" daemon [_thread_blocked, id=24416, stack(0x000000001e9b0000,0x000000001eab0000)]
  0x000000001e1e5000 JavaThread "Signal Dispatcher" daemon [_thread_blocked, id=34024, stack(0x000000001e8b0000,0x000000001e9b0000)]
  0x000000001e1d1800 JavaThread "Finalizer" daemon [_thread_blocked, id=12684, stack(0x000000001e6b0000,0x000000001e7b0000)]
  0x000000001e1d0800 JavaThread "Reference Handler" daemon [_thread_blocked, id=9988, stack(0x000000001e5b0000,0x000000001e6b0000)]

Other Threads:
=>0x000000001c3ea000 VMThread [stack: 0x000000001e0b0000,0x000000001e1b0000] [id=10064]
  0x000000001f2fa800 WatcherThread [stack: 0x000000001fdf0000,0x000000001fef0000] [id=34324]

VM state:at safepoint (normal execution)

VM Mutex/Monitor currently owned by a thread:  ([mutex/lock_event])
[0x0000000002973d30] Threads_lock - owner thread: 0x000000001c3ea000

heap address: 0x00000006c2c00000, size: 4052 MB, Compressed Oops mode: Zero based, Oop shift amount: 3
Narrow klass base: 0x0000000000000000, Narrow klass shift: 3
Compressed class space size: 1073741824 Address: 0x00000007c0000000

Heap:
 PSYoungGen      total 307712K, used 194396K [0x000000076b980000, 0x000000077fd00000, 0x00000007c0000000)
  eden space 301568K, 64% used [0x000000076b980000,0x00000007777572f8,0x000000077e000000)
  from space 6144K, 0% used [0x000000077e000000,0x000000077e000000,0x000000077e600000)
  to   space 14848K, 0% used [0x000000077ee80000,0x000000077ee80000,0x000000077fd00000)
 ParOldGen       total 259584K, used 27995K [0x00000006c2c00000, 0x00000006d2980000, 0x000000076b980000)
  object space 259584K, 10% used [0x00000006c2c00000,0x00000006c4756d08,0x00000006d2980000)
 Metaspace       used 75679K, capacity 81088K, committed 81280K, reserved 1120256K
  class space    used 9776K, capacity 10764K, committed 10880K, reserved 1048576K

Card table byte_map: [0x0000000011e30000,0x0000000012620000] byte_map_base: 0x000000000e81a000

Marking Bits: (ParMarkBitMap*) 0x0000000062765ce0
 Begin Bits: [0x0000000013370000, 0x00000000172c0000)
 End Bits:   [0x00000000172c0000, 0x000000001b210000)

Polling page: 0x0000000000d50000

CodeCache: size=245760Kb used=38698Kb max_used=38712Kb free=207062Kb
 bounds [0x0000000002a70000, 0x0000000005080000, 0x0000000011a70000]
 total_blobs=10605 nmethods=10016 adapters=507
 compilation: enabled

Compilation events (10 events):
Event: 4023.708 Thread 0x000000001f198000 12418       4       org.springframework.beans.factory.support.AbstractAutowireCapableBeanFactory::applyBeanPostProcessorsAfterInitialization (61 bytes)
Event: 4023.712 Thread 0x000000001f196800 12419       4       org.springframework.beans.factory.support.AbstractBeanFactory::getMergedBeanDefinition (44 bytes)
Event: 4023.721 Thread 0x000000001f198000 nmethod 12418 0x0000000005075910 code [0x0000000005075a80, 0x0000000005075f38]
Event: 4023.721 Thread 0x000000001f181800 12420       3       java.lang.Thread::setPriority (56 bytes)
Event: 4023.722 Thread 0x000000001f181800 nmethod 12420 0x0000000005062d50 code [0x0000000005062f00, 0x0000000005063668]
Event: 4023.752 Thread 0x000000001f196800 nmethod 12419 0x0000000005078a10 code [0x0000000005078be0, 0x0000000005079a50]
Event: 4024.715 Thread 0x000000001f181800 12423       3       org.springframework.boot.devtools.filewatch.FileSnapshot::equals (110 bytes)
Event: 4024.717 Thread 0x000000001f181800 nmethod 12423 0x00000000050678d0 code [0x0000000005067ac0, 0x00000000050686a8]
Event: 4035.809 Thread 0x000000001f198000 12424   !   4       org.apache.tomcat.util.net.NioEndpoint$Poller::events (282 bytes)
Event: 4035.825 Thread 0x000000001f198000 nmethod 12424 0x000000000507cc50 code [0x000000000507ce80, 0x000000000507da18]

GC Heap History (10 events):
Event: 3308.928 GC heap before
{Heap before GC invocations=27 (full 10):
 PSYoungGen      total 325120K, used 310272K [0x000000076b980000, 0x0000000780680000, 0x00000007c0000000)
  eden space 310272K, 100% used [0x000000076b980000,0x000000077e880000,0x000000077e880000)
  from space 14848K, 0% used [0x000000077f800000,0x000000077f800000,0x0000000780680000)
  to   space 15360K, 0% used [0x000000077e880000,0x000000077e880000,0x000000077f780000)
 ParOldGen       total 259584K, used 27147K [0x00000006c2c00000, 0x00000006d2980000, 0x000000076b980000)
  object space 259584K, 10% used [0x00000006c2c00000,0x00000006c4682e40,0x00000006d2980000)
 Metaspace       used 74290K, capacity 79618K, committed 79872K, reserved 1118208K
  class space    used 9671K, capacity 10649K, committed 10752K, reserved 1048576K
Event: 3308.935 GC heap after
Heap after GC invocations=27 (full 10):
 PSYoungGen      total 311296K, used 9275K [0x000000076b980000, 0x000000077fe00000, 0x00000007c0000000)
  eden space 301568K, 0% used [0x000000076b980000,0x000000076b980000,0x000000077e000000)
  from space 9728K, 95% used [0x000000077e880000,0x000000077f18eda8,0x000000077f200000)
  to   space 12288K, 0% used [0x000000077f200000,0x000000077f200000,0x000000077fe00000)
 ParOldGen       total 259584K, used 27155K [0x00000006c2c00000, 0x00000006d2980000, 0x000000076b980000)
  object space 259584K, 10% used [0x00000006c2c00000,0x00000006c4684e40,0x00000006d2980000)
 Metaspace       used 74290K, capacity 79618K, committed 79872K, reserved 1118208K
  class space    used 9671K, capacity 10649K, committed 10752K, reserved 1048576K
}
Event: 3926.847 GC heap before
{Heap before GC invocations=28 (full 10):
 PSYoungGen      total 311296K, used 71154K [0x000000076b980000, 0x000000077fe00000, 0x00000007c0000000)
  eden space 301568K, 20% used [0x000000076b980000,0x000000076f5edb78,0x000000077e000000)
  from space 9728K, 95% used [0x000000077e880000,0x000000077f18eda8,0x000000077f200000)
  to   space 12288K, 0% used [0x000000077f200000,0x000000077f200000,0x000000077fe00000)
 ParOldGen       total 259584K, used 27155K [0x00000006c2c00000, 0x00000006d2980000, 0x000000076b980000)
  object space 259584K, 10% used [0x00000006c2c00000,0x00000006c4684e40,0x00000006d2980000)
 Metaspace       used 74368K, capacity 79720K, committed 79872K, reserved 1118208K
  class space    used 9679K, capacity 10683K, committed 10752K, reserved 1048576K
Event: 3926.856 GC heap after
Heap after GC invocations=28 (full 10):
 PSYoungGen      total 313856K, used 5195K [0x000000076b980000, 0x000000077fe00000, 0x00000007c0000000)
  eden space 301568K, 0% used [0x000000076b980000,0x000000076b980000,0x000000077e000000)
  from space 12288K, 42% used [0x000000077f200000,0x000000077f712e80,0x000000077fe00000)
  to   space 15360K, 0% used [0x000000077e000000,0x000000077e000000,0x000000077ef00000)
 ParOldGen       total 259584K, used 27163K [0x00000006c2c00000, 0x00000006d2980000, 0x000000076b980000)
  object space 259584K, 10% used [0x00000006c2c00000,0x00000006c4686e40,0x00000006d2980000)
 Metaspace       used 74368K, capacity 79720K, committed 79872K, reserved 1118208K
  class space    used 9679K, capacity 10683K, committed 10752K, reserved 1048576K
}
Event: 3926.856 GC heap before
{Heap before GC invocations=29 (full 11):
 PSYoungGen      total 313856K, used 5195K [0x000000076b980000, 0x000000077fe00000, 0x00000007c0000000)
  eden space 301568K, 0% used [0x000000076b980000,0x000000076b980000,0x000000077e000000)
  from space 12288K, 42% used [0x000000077f200000,0x000000077f712e80,0x000000077fe00000)
  to   space 15360K, 0% used [0x000000077e000000,0x000000077e000000,0x000000077ef00000)
 ParOldGen       total 259584K, used 27163K [0x00000006c2c00000, 0x00000006d2980000, 0x000000076b980000)
  object space 259584K, 10% used [0x00000006c2c00000,0x00000006c4686e40,0x00000006d2980000)
 Metaspace       used 74368K, capacity 79720K, committed 79872K, reserved 1118208K
  class space    used 9679K, capacity 10683K, committed 10752K, reserved 1048576K
Event: 3927.256 GC heap after
Heap after GC invocations=29 (full 11):
 PSYoungGen      total 313856K, used 0K [0x000000076b980000, 0x000000077fe00000, 0x00000007c0000000)
  eden space 301568K, 0% used [0x000000076b980000,0x000000076b980000,0x000000077e000000)
  from space 12288K, 0% used [0x000000077f200000,0x000000077f200000,0x000000077fe00000)
  to   space 15360K, 0% used [0x000000077e000000,0x000000077e000000,0x000000077ef00000)
 ParOldGen       total 259584K, used 26850K [0x00000006c2c00000, 0x00000006d2980000, 0x000000076b980000)
  object space 259584K, 10% used [0x00000006c2c00000,0x00000006c46389c0,0x00000006d2980000)
 Metaspace       used 74357K, capacity 79702K, committed 79872K, reserved 1118208K
  class space    used 9678K, capacity 10679K, committed 10752K, reserved 1048576K
}
Event: 4021.751 GC heap before
{Heap before GC invocations=30 (full 11):
 PSYoungGen      total 313856K, used 196071K [0x000000076b980000, 0x000000077fe00000, 0x00000007c0000000)
  eden space 301568K, 65% used [0x000000076b980000,0x00000007778f9ed8,0x000000077e000000)
  from space 12288K, 0% used [0x000000077f200000,0x000000077f200000,0x000000077fe00000)
  to   space 15360K, 0% used [0x000000077e000000,0x000000077e000000,0x000000077ef00000)
 ParOldGen       total 259584K, used 26850K [0x00000006c2c00000, 0x00000006d2980000, 0x000000076b980000)
  object space 259584K, 10% used [0x00000006c2c00000,0x00000006c46389c0,0x00000006d2980000)
 Metaspace       used 75021K, capacity 80448K, committed 80640K, reserved 1120256K
  class space    used 9728K, capacity 10725K, committed 10752K, reserved 1048576K
Event: 4021.763 GC heap after
Heap after GC invocations=30 (full 11):
 PSYoungGen      total 307712K, used 5890K [0x000000076b980000, 0x000000077fd00000, 0x00000007c0000000)
  eden space 301568K, 0% used [0x000000076b980000,0x000000076b980000,0x000000077e000000)
  from space 6144K, 95% used [0x000000077e000000,0x000000077e5c0918,0x000000077e600000)
  to   space 14848K, 0% used [0x000000077ee80000,0x000000077ee80000,0x000000077fd00000)
 ParOldGen       total 259584K, used 26858K [0x00000006c2c00000, 0x00000006d2980000, 0x000000076b980000)
  object space 259584K, 10% used [0x00000006c2c00000,0x00000006c463a9c0,0x00000006d2980000)
 Metaspace       used 75021K, capacity 80448K, committed 80640K, reserved 1120256K
  class space    used 9728K, capacity 10725K, committed 10752K, reserved 1048576K
}
Event: 4021.763 GC heap before
{Heap before GC invocations=31 (full 12):
 PSYoungGen      total 307712K, used 5890K [0x000000076b980000, 0x000000077fd00000, 0x00000007c0000000)
  eden space 301568K, 0% used [0x000000076b980000,0x000000076b980000,0x000000077e000000)
  from space 6144K, 95% used [0x000000077e000000,0x000000077e5c0918,0x000000077e600000)
  to   space 14848K, 0% used [0x000000077ee80000,0x000000077ee80000,0x000000077fd00000)
 ParOldGen       total 259584K, used 26858K [0x00000006c2c00000, 0x00000006d2980000, 0x000000076b980000)
  object space 259584K, 10% used [0x00000006c2c00000,0x00000006c463a9c0,0x00000006d2980000)
 Metaspace       used 75021K, capacity 80448K, committed 80640K, reserved 1120256K
  class space    used 9728K, capacity 10725K, committed 10752K, reserved 1048576K
Event: 4022.005 GC heap after
Heap after GC invocations=31 (full 12):
 PSYoungGen      total 307712K, used 0K [0x000000076b980000, 0x000000077fd00000, 0x00000007c0000000)
  eden space 301568K, 0% used [0x000000076b980000,0x000000076b980000,0x000000077e000000)
  from space 6144K, 0% used [0x000000077e000000,0x000000077e000000,0x000000077e600000)
  to   space 14848K, 0% used [0x000000077ee80000,0x000000077ee80000,0x000000077fd00000)
 ParOldGen       total 259584K, used 27995K [0x00000006c2c00000, 0x00000006d2980000, 0x000000076b980000)
  object space 259584K, 10% used [0x00000006c2c00000,0x00000006c4756d08,0x00000006d2980000)
 Metaspace       used 75011K, capacity 80430K, committed 80640K, reserved 1120256K
  class space    used 9727K, capacity 10721K, committed 10752K, reserved 1048576K
}

Deoptimization events (10 events):
Event: 4023.707 Thread 0x00000000262eb000 Uncommon trap: reason=unhandled action=none pc=0x0000000003e4be60 method=java.lang.Class.getMethod(Ljava/lang/String;[Ljava/lang/Class;)Ljava/lang/reflect/Method; @ 61
Event: 4023.707 Thread 0x00000000262eb000 Uncommon trap: reason=unhandled action=none pc=0x0000000003e4be60 method=java.lang.Class.getMethod(Ljava/lang/String;[Ljava/lang/Class;)Ljava/lang/reflect/Method; @ 61
Event: 4023.707 Thread 0x00000000262eb000 Uncommon trap: reason=unhandled action=none pc=0x0000000003e4be60 method=java.lang.Class.getMethod(Ljava/lang/String;[Ljava/lang/Class;)Ljava/lang/reflect/Method; @ 61
Event: 4023.707 Thread 0x00000000262eb000 Uncommon trap: reason=unhandled action=none pc=0x0000000003e145a8 method=java.lang.Class.getMethod(Ljava/lang/String;[Ljava/lang/Class;)Ljava/lang/reflect/Method; @ 61
Event: 4023.707 Thread 0x00000000262eb000 Uncommon trap: reason=unhandled action=none pc=0x0000000004923334 method=java.lang.Class.getMethod(Ljava/lang/String;[Ljava/lang/Class;)Ljava/lang/reflect/Method; @ 61
Event: 4023.707 Thread 0x00000000262eb000 Uncommon trap: reason=unhandled action=none pc=0x0000000004923334 method=java.lang.Class.getMethod(Ljava/lang/String;[Ljava/lang/Class;)Ljava/lang/reflect/Method; @ 61
Event: 4023.708 Thread 0x00000000262eb000 Uncommon trap: reason=unhandled action=none pc=0x0000000003e145a8 method=java.lang.Class.getMethod(Ljava/lang/String;[Ljava/lang/Class;)Ljava/lang/reflect/Method; @ 61
Event: 4023.708 Thread 0x00000000262eb000 Uncommon trap: reason=unhandled action=none pc=0x0000000003e145a8 method=java.lang.Class.getMethod(Ljava/lang/String;[Ljava/lang/Class;)Ljava/lang/reflect/Method; @ 61
Event: 4023.709 Thread 0x00000000262eb000 Uncommon trap: reason=unhandled action=none pc=0x0000000003e145a8 method=java.lang.Class.getMethod(Ljava/lang/String;[Ljava/lang/Class;)Ljava/lang/reflect/Method; @ 61
Event: 4023.709 Thread 0x00000000262eb000 Uncommon trap: reason=unhandled action=none pc=0x0000000003e145a8 method=java.lang.Class.getMethod(Ljava/lang/String;[Ljava/lang/Class;)Ljava/lang/reflect/Method; @ 61

Classes redefined (10 events):
Event: 4041.954 Thread 0x000000001c3ea000 redefined class name=com.springbootcrud.business.impl.DoctorsBusinessImpl, count=7
Event: 4041.992 Thread 0x000000001c3ea000 redefined class name=com.springbootcrud.business.impl.DoctorsBusinessImpl, count=1
Event: 4042.033 Thread 0x000000001c3ea000 redefined class name=com.springbootcrud.business.impl.DoctorsBusinessImpl, count=8
Event: 4042.071 Thread 0x000000001c3ea000 redefined class name=com.springbootcrud.model.view.DoctorBaseModel, count=2
Event: 4042.109 Thread 0x000000001c3ea000 redefined class name=com.springbootcrud.business.impl.DoctorsBusinessImpl, count=1
Event: 4042.146 Thread 0x000000001c3ea000 redefined class name=com.springbootcrud.model.view.DoctorBaseModel, count=2
Event: 4042.186 Thread 0x000000001c3ea000 redefined class name=com.springbootcrud.model.view.DoctorBaseModel, count=3
Event: 4042.228 Thread 0x000000001c3ea000 redefined class name=com.springbootcrud.business.impl.DoctorsBusinessImpl, count=6
Event: 4042.268 Thread 0x000000001c3ea000 redefined class name=com.springbootcrud.model.view.DoctorBaseModel, count=2
Event: 4042.308 Thread 0x000000001c3ea000 redefined class name=com.springbootcrud.business.impl.DoctorsBusinessImpl, count=4

Internal exceptions (10 events):
Event: 4023.567 Thread 0x00000000262eb000 Exception <a 'java/lang/ArrayIndexOutOfBoundsException': 64> (0x00000007756df468) thrown at [C:\re\workspace\8-2-build-windows-amd64-cygwin\jdk8u202\12323\hotspot\src\share\vm\interpreter\interpreterRuntime.cpp, line 368]
Event: 4023.574 Thread 0x00000000262eb000 Exception <a 'java/lang/ArrayIndexOutOfBoundsException': 93> (0x000000077573cfc8) thrown at [C:\re\workspace\8-2-build-windows-amd64-cygwin\jdk8u202\12323\hotspot\src\share\vm\interpreter\interpreterRuntime.cpp, line 368]
Event: 4023.575 Thread 0x00000000262eb000 Exception <a 'java/lang/ArrayIndexOutOfBoundsException': 88> (0x0000000775742120) thrown at [C:\re\workspace\8-2-build-windows-amd64-cygwin\jdk8u202\12323\hotspot\src\share\vm\interpreter\interpreterRuntime.cpp, line 368]
Event: 4023.575 Thread 0x00000000262eb000 Exception <a 'java/lang/ArrayIndexOutOfBoundsException': 84> (0x0000000775749f50) thrown at [C:\re\workspace\8-2-build-windows-amd64-cygwin\jdk8u202\12323\hotspot\src\share\vm\interpreter\interpreterRuntime.cpp, line 368]
Event: 4023.576 Thread 0x00000000262eb000 Exception <a 'java/lang/ArrayIndexOutOfBoundsException': 85> (0x000000077574ef48) thrown at [C:\re\workspace\8-2-build-windows-amd64-cygwin\jdk8u202\12323\hotspot\src\share\vm\interpreter\interpreterRuntime.cpp, line 368]
Event: 4023.576 Thread 0x00000000262eb000 Exception <a 'java/lang/ArrayIndexOutOfBoundsException': 91> (0x000000077575e3a0) thrown at [C:\re\workspace\8-2-build-windows-amd64-cygwin\jdk8u202\12323\hotspot\src\share\vm\interpreter\interpreterRuntime.cpp, line 368]
Event: 4023.577 Thread 0x00000000262eb000 Exception <a 'java/lang/ArrayIndexOutOfBoundsException': 130> (0x000000077576d220) thrown at [C:\re\workspace\8-2-build-windows-amd64-cygwin\jdk8u202\12323\hotspot\src\share\vm\interpreter\interpreterRuntime.cpp, line 368]
Event: 4023.621 Thread 0x00000000262eb000 Exception <a 'java/lang/ArrayIndexOutOfBoundsException': 91> (0x0000000775c30520) thrown at [C:\re\workspace\8-2-build-windows-amd64-cygwin\jdk8u202\12323\hotspot\src\share\vm\interpreter\interpreterRuntime.cpp, line 368]
Event: 4023.631 Thread 0x00000000262eb000 Exception <a 'java/lang/ArrayIndexOutOfBoundsException': 22> (0x0000000775cfce88) thrown at [C:\re\workspace\8-2-build-windows-amd64-cygwin\jdk8u202\12323\hotspot\src\share\vm\interpreter\interpreterRuntime.cpp, line 368]
Event: 4023.676 Thread 0x00000000262eb000 Exception <a 'java/lang/ArrayIndexOutOfBoundsException': 123> (0x00000007760a3278) thrown at [C:\re\workspace\8-2-build-windows-amd64-cygwin\jdk8u202\12323\hotspot\src\share\vm\interpreter\interpreterRuntime.cpp, line 368]

Events (10 events):
Event: 4027.995 Thread 0x00000000262ef000 Thread exited: 0x00000000262ef000
Event: 4033.129 Executing VM operation: RevokeBias
Event: 4033.129 Executing VM operation: RevokeBias done
Event: 4033.129 Executing VM operation: RevokeBias
Event: 4033.129 Executing VM operation: RevokeBias done
Event: 4033.130 Executing VM operation: RevokeBias
Event: 4033.130 Executing VM operation: RevokeBias done
Event: 4033.130 Executing VM operation: RevokeBias
Event: 4033.130 Executing VM operation: RevokeBias done
Event: 4041.761 Executing VM operation: RedefineClasses


Dynamic libraries:
0x00007ff62eeb0000 - 0x00007ff62eee7000 	C:\Program Files\Java\jdk1.8.0_202\bin\javaw.exe
0x00007ffd962d0000 - 0x00007ffd964c8000 	C:\Windows\SYSTEM32\ntdll.dll
0x00007ffd951b0000 - 0x00007ffd9526f000 	C:\Windows\System32\KERNEL32.DLL
0x00007ffd939c0000 - 0x00007ffd93c92000 	C:\Windows\System32\KERNELBASE.dll
0x00007ffd943d0000 - 0x00007ffd9447e000 	C:\Windows\System32\ADVAPI32.dll
0x00007ffd96180000 - 0x00007ffd9621e000 	C:\Windows\System32\msvcrt.dll
0x00007ffd95f40000 - 0x00007ffd95fdc000 	C:\Windows\System32\sechost.dll
0x00007ffd95e10000 - 0x00007ffd95f35000 	C:\Windows\System32\RPCRT4.dll
0x00007ffd954a0000 - 0x00007ffd95641000 	C:\Windows\System32\USER32.dll
0x00007ffd93d80000 - 0x00007ffd93da2000 	C:\Windows\System32\win32u.dll
0x00007ffd94bd0000 - 0x00007ffd94bfb000 	C:\Windows\System32\GDI32.dll
0x00007ffd93fa0000 - 0x00007ffd940af000 	C:\Windows\System32\gdi32full.dll
0x00007ffd93e40000 - 0x00007ffd93edd000 	C:\Windows\System32\msvcp_win.dll
0x00007ffd940b0000 - 0x00007ffd941b0000 	C:\Windows\System32\ucrtbase.dll
0x00007ffd74b50000 - 0x00007ffd74dea000 	C:\Windows\WinSxS\amd64_microsoft.windows.common-controls_6595b64144ccf1df_6.0.19041.1110_none_60b5254171f9507e\COMCTL32.dll
0x00007ffd94310000 - 0x00007ffd94342000 	C:\Windows\System32\IMM32.DLL
0x00000000627f0000 - 0x00000000628c2000 	C:\Program Files\Java\jdk1.8.0_202\jre\bin\msvcr100.dll
0x0000000061f40000 - 0x00000000627e5000 	C:\Program Files\Java\jdk1.8.0_202\jre\bin\server\jvm.dll
0x00007ffd95fe0000 - 0x00007ffd95fe8000 	C:\Windows\System32\PSAPI.DLL
0x00007ffd69c60000 - 0x00007ffd69c69000 	C:\Windows\SYSTEM32\WSOCK32.dll
0x00007ffd75760000 - 0x00007ffd75787000 	C:\Windows\SYSTEM32\WINMM.dll
0x00007ffd897a0000 - 0x00007ffd897aa000 	C:\Windows\SYSTEM32\VERSION.dll
0x00007ffd96220000 - 0x00007ffd9628b000 	C:\Windows\System32\WS2_32.dll
0x00007ffd89e60000 - 0x00007ffd89e6f000 	C:\Program Files\Java\jdk1.8.0_202\jre\bin\verify.dll
0x00007ffd6e1d0000 - 0x00007ffd6e1f9000 	C:\Program Files\Java\jdk1.8.0_202\jre\bin\java.dll
0x00007ffd62f40000 - 0x00007ffd62f75000 	C:\Program Files\Java\jdk1.8.0_202\jre\bin\jdwp.dll
0x00007ffd89ce0000 - 0x00007ffd89ce8000 	C:\Program Files\Java\jdk1.8.0_202\jre\bin\npt.dll
0x00007ffd62f10000 - 0x00007ffd62f33000 	C:\Program Files\Java\jdk1.8.0_202\jre\bin\instrument.dll
0x00007ffd6f710000 - 0x00007ffd6f726000 	C:\Program Files\Java\jdk1.8.0_202\jre\bin\zip.dll
0x00007ffd94480000 - 0x00007ffd94bc4000 	C:\Windows\System32\SHELL32.dll
0x00007ffd91930000 - 0x00007ffd920c2000 	C:\Windows\SYSTEM32\windows.storage.dll
0x00007ffd95790000 - 0x00007ffd95ae5000 	C:\Windows\System32\combase.dll
0x00007ffd93260000 - 0x00007ffd93290000 	C:\Windows\SYSTEM32\Wldp.dll
0x00007ffd95bb0000 - 0x00007ffd95c5d000 	C:\Windows\System32\SHCORE.dll
0x00007ffd95730000 - 0x00007ffd95785000 	C:\Windows\System32\shlwapi.dll
0x00007ffd93900000 - 0x00007ffd9391f000 	C:\Windows\SYSTEM32\profapi.dll
0x00007ffd81650000 - 0x00007ffd81659000 	C:\Program Files\Java\jdk1.8.0_202\jre\bin\dt_socket.dll
0x00007ffd6afb0000 - 0x00007ffd6afc7000 	C:\Windows\system32\napinsp.dll
0x00007ffd6af90000 - 0x00007ffd6afab000 	C:\Windows\system32\pnrpnsp.dll
0x00007ffd6af70000 - 0x00007ffd6af85000 	C:\Windows\system32\wshbth.dll
0x00007ffd8efb0000 - 0x00007ffd8efcd000 	C:\Windows\system32\NLAapi.dll
0x00007ffd92d50000 - 0x00007ffd92d8b000 	C:\Windows\SYSTEM32\IPHLPAPI.DLL
0x00007ffd93040000 - 0x00007ffd930aa000 	C:\Windows\System32\mswsock.dll
0x00007ffd92d90000 - 0x00007ffd92e5a000 	C:\Windows\SYSTEM32\DNSAPI.dll
0x00007ffd952d0000 - 0x00007ffd952d8000 	C:\Windows\System32\NSI.dll
0x00007ffd6af30000 - 0x00007ffd6af42000 	C:\Windows\System32\winrnr.dll
0x00007ffd80410000 - 0x00007ffd80490000 	C:\Windows\System32\fwpuclnt.dll
0x00007ffd93ca0000 - 0x00007ffd93cc7000 	C:\Windows\System32\bcrypt.dll
0x00007ffd785e0000 - 0x00007ffd785ea000 	C:\Windows\System32\rasadhlp.dll
0x00007ffd77d20000 - 0x00007ffd77d2d000 	C:\Program Files\Java\jdk1.8.0_202\jre\bin\management.dll
0x00007ffd6e490000 - 0x00007ffd6e4aa000 	C:\Program Files\Java\jdk1.8.0_202\jre\bin\net.dll
0x00007ffd80b00000 - 0x00007ffd80ced000 	C:\Windows\SYSTEM32\urlmon.dll
0x00007ffd7db30000 - 0x00007ffd7dde1000 	C:\Windows\SYSTEM32\iertutil.dll
0x00007ffd7a730000 - 0x00007ffd7a758000 	C:\Windows\SYSTEM32\srvcli.dll
0x00007ffd92e60000 - 0x00007ffd92e6c000 	C:\Windows\SYSTEM32\netutils.dll
0x00007ffd6e3e0000 - 0x00007ffd6e3f2000 	C:\Program Files\Java\jdk1.8.0_202\jre\bin\nio.dll
0x00007ffd932a0000 - 0x00007ffd932b8000 	C:\Windows\SYSTEM32\CRYPTSP.dll
0x00007ffd92870000 - 0x00007ffd928a4000 	C:\Windows\system32\rsaenh.dll
0x00007ffd93880000 - 0x00007ffd938ae000 	C:\Windows\SYSTEM32\USERENV.dll
0x00007ffd93db0000 - 0x00007ffd93e32000 	C:\Windows\System32\bcryptprimitives.dll
0x00007ffd931d0000 - 0x00007ffd931dc000 	C:\Windows\SYSTEM32\CRYPTBASE.dll
0x00007ffd88570000 - 0x00007ffd88587000 	C:\Windows\SYSTEM32\dhcpcsvc6.DLL
0x00007ffd890c0000 - 0x00007ffd890dd000 	C:\Windows\SYSTEM32\dhcpcsvc.DLL
0x00007ffd5c630000 - 0x00007ffd5c654000 	C:\Program Files\Java\jdk1.8.0_202\jre\bin\sunec.dll
0x00007ffd6efe0000 - 0x00007ffd6efeb000 	C:\Program Files\Java\jdk1.8.0_202\jre\bin\sunmscapi.dll
0x00007ffd941b0000 - 0x00007ffd94306000 	C:\Windows\System32\CRYPT32.dll
0x00007ffd91050000 - 0x00007ffd91234000 	C:\Windows\SYSTEM32\dbghelp.dll

VM Arguments:
jvm_args: -agentlib:jdwp=transport=dt_socket,suspend=y,address=localhost:60516 -javaagent:C:\Users\23272949\Downloads\sts-4.15.1.RELEASE\configuration\org.eclipse.osgi\258\0\.cp\lib\javaagent-shaded.jar -Dfile.encoding=UTF-8 
java_command: com.springbootcrud.SpringBootCrudApplication
java_class_path (initial): D:\spring-boot-crud\target\classes;C:\Users\23272949\Downloads\sts-4.15.1.RELEASE\plugins\org.junit_4.13.2.v20211018-1956.jar;C:\Users\23272949\Downloads\sts-4.15.1.RELEASE\plugins\org.hamcrest.core_1.3.0.v20180420-1519.jar;C:\Users\23272949\.m2\repository\org\springframework\boot\spring-boot-starter-data-jpa\2.5.3\spring-boot-starter-data-jpa-2.5.3.jar;C:\Users\23272949\.m2\repository\org\springframework\boot\spring-boot-starter-aop\2.5.3\spring-boot-starter-aop-2.5.3.jar;C:\Users\23272949\.m2\repository\org\aspectj\aspectjweaver\1.9.7\aspectjweaver-1.9.7.jar;C:\Users\23272949\.m2\repository\org\springframework\boot\spring-boot-starter-jdbc\2.5.3\spring-boot-starter-jdbc-2.5.3.jar;C:\Users\23272949\.m2\repository\com\zaxxer\HikariCP\4.0.3\HikariCP-4.0.3.jar;C:\Users\23272949\.m2\repository\org\springframework\spring-jdbc\5.3.9\spring-jdbc-5.3.9.jar;C:\Users\23272949\.m2\repository\jakarta\transaction\jakarta.transaction-api\1.3.3\jakarta.transaction-api-1.3.3.jar;C:\Users\23272949\.m2\repository\jakarta\persistence\jakarta.persistence-api\2.2.3\jakarta.persistence-api-2.2.3.jar;C:\Users\23272949\.m2\repository\org\hibernate\hibernate-core\5.4.32.Final\hibernate-core-5.4.32.Final.jar;C:\Users\23272949\.m2\repository\org\jboss\logging\jboss-logging\3.4.2.Final\jboss-logging-3.4.2.Final.jar;C:\Users\23272949\.m2\repository\org\javassist\javassist\3.27.0-GA\javassist-3.27.0-GA.jar;C:\Users\23272949\.m2\repository\net\bytebuddy\byte-buddy\1.10.22\byte-buddy-1.10.22.jar;C:\Users\23272949\.m2\repository\antlr\antlr\2.7.7\antlr-2.7.7.jar;C:\Users\23272949\.m2\repository\org\jboss\jandex\2.2.3.Final\jandex-2.2.3.Final.jar;C:\Users\23272949\.m2\repository\com\fasterxml\classmate\1.5.1\classmate-1.5.1.jar;C:\Users\23272949\.m2\repository\org\dom4j\dom4j\2.1.3\dom4j-2.1.3.jar;C:\Users\23272949\.m2\repository\org\hibernate\common\hibernate-commons-annotations\5.1.2.Final\hibernate-commons-annotations-5.1.2.Final.jar;C:\Users\23272949\.m2\repository\
Launcher Type: SUN_STANDARD

Environment Variables:
PATH=C:\Program Files\Java\jdk1.8.0_202\jre\bin;C:/Users/23272949/Downloads/sts-4.15.1.RELEASE//plugins/org.eclipse.justj.openjdk.hotspot.jre.full.win32.x86_64_17.0.3.v20220515-1416/jre/bin/server;C:/Users/23272949/Downloads/sts-4.15.1.RELEASE//plugins/org.eclipse.justj.openjdk.hotspot.jre.full.win32.x86_64_17.0.3.v20220515-1416/jre/bin;C:\Python310\Scripts\;C:\Python310\;C:\Program Files (x86)\Common Files\Oracle\Java\javapath;C:\Program Files\Common Files\Oracle\Java\javapath;C:\Windows\system32;C:\Windows;C:\Windows\System32\Wbem;C:\Windows\System32\WindowsPowerShell\v1.0\;C:\Windows\System32\OpenSSH\;C:\Program Files\nodejs\;C:\ProgramData\chocolatey\bin;C:\Android;C:\Windows\System32;C:\Program Files\Git\cmd;C:\Program Files\Docker\Docker\resources\bin;C:\Program Files\MySQL\MySQL Shell 8.0\bin\;C:\Users\23272949\AppData\Local\Microsoft\WindowsApps;;C:\Users\23272949\AppData\Local\Programs\Microsoft VS Code\bin;C:\Users\23272949\AppData\Roaming\npm;C:\Users\23272949\Downloads\sts-4.15.1.RELEASE;
USERNAME=23272949
OS=Windows_NT
PROCESSOR_IDENTIFIER=Intel64 Family 6 Model 142 Stepping 12, GenuineIntel



---------------  S Y S T E M  ---------------

OS: Windows 10.0 , 64 bit Build 19041 (10.0.19041.2364)

CPU:total 8 (initial active 8) (4 cores per cpu, 2 threads per core) family 6 model 142 stepping 12, cmov, cx8, fxsr, mmx, sse, sse2, sse3, ssse3, sse4.1, sse4.2, popcnt, avx, avx2, aes, clmul, erms, 3dnowpref, lzcnt, ht, tsc, tscinvbit, bmi1, bmi2, adx

Memory: 4k page, physical 16595572k(2340352k free), swap 31799924k(4801756k free)

vm_info: Java HotSpot(TM) 64-Bit Server VM (25.202-b08) for windows-amd64 JRE (1.8.0_202-b08), built on Dec 15 2018 19:54:30 by "java_re" with MS VC++ 10.0 (VS2010)

time: Sat Jan 14 19:26:40 2023
timezone: India Standard Time
elapsed time: 4042 seconds (0d 1h 7m 22s)

